JvmtiExport can_access_local_variables 0
JvmtiExport can_hotswap_or_post_breakpoint 0
JvmtiExport can_post_on_exceptions 0
# 823 ciObject found
ciMethod java/lang/Object <init> ()V 4097 1 25351951 0 0
ciMethod java/lang/Object getClass ()Ljava/lang/Class; 2049 1 256 0 -1
ciMethod java/lang/Object hashCode ()I 2049 1 256 0 -1
ciMethod java/lang/Object equals (Ljava/lang/Object;)Z 2177 1 322482 0 64
ciMethod java/util/Map isEmpty ()Z 0 0 1 0 -1
ciMethod java/util/Map get (Ljava/lang/Object;)Ljava/lang/Object; 0 0 1 0 -1
ciMethod java/util/Map values ()Ljava/util/Collection; 0 0 1 0 -1
ciMethod java/lang/Integer valueOf (I)Ljava/lang/Integer; 457 1 849862 0 -1
ciMethod java/lang/Integer intValue ()I 1025 1 128 0 -1
ciMethod java/util/Comparator comparingInt (Ljava/util/function/ToIntFunction;)Ljava/util/Comparator; 9 1 13041 0 -1
ciMethod java/lang/Iterable iterator ()Ljava/util/Iterator; 0 0 1 0 -1
ciMethod java/lang/Iterable forEach (Ljava/util/function/Consumer;)V 3073 89 15084 0 224
ciMethod java/util/Collection iterator ()Ljava/util/Iterator; 0 0 1 0 -1
ciMethod java/util/Collection removeIf (Ljava/util/function/Predicate;)Z 959585 61897 88366 0 -1
ciMethod java/util/Collection stream ()Ljava/util/stream/Stream; 2073 1 19774 0 -1
ciMethod java/util/List size ()I 0 0 1 0 -1
ciMethod java/util/List isEmpty ()Z 0 0 1 0 -1
ciMethod java/util/List contains (Ljava/lang/Object;)Z 0 0 1 0 -1
ciMethod java/util/List iterator ()Ljava/util/Iterator; 0 0 1 0 -1
ciMethod java/util/List add (Ljava/lang/Object;)Z 0 0 1 0 -1
ciMethod java/util/List remove (Ljava/lang/Object;)Z 0 0 1 0 -1
ciMethod java/util/List clear ()V 0 0 1 0 -1
ciMethod java/util/List get (I)Ljava/lang/Object; 0 0 1 0 -1
ciMethod java/util/List set (ILjava/lang/Object;)Ljava/lang/Object; 0 0 1 0 -1
ciMethod java/util/List indexOf (Ljava/lang/Object;)I 0 0 1 0 -1
ciMethod java/util/AbstractList listIterator ()Ljava/util/ListIterator; 2065 1 141661 0 64
ciMethod java/util/AbstractList listIterator (I)Ljava/util/ListIterator; 4097 1 5849 0 -1
ciMethod java/util/AbstractCollection <init> ()V 2281 1 4083724 0 32
ciMethod java/util/AbstractCollection isEmpty ()Z 2049 1 225956 0 -1
ciMethod java/util/AbstractCollection addAll (Ljava/util/Collection;)Z 1073 16833 1292 0 -1
ciMethod java/util/ArrayList <init> (I)V 2105 1 6579 0 -1
ciMethod java/util/ArrayList <init> ()V 1449 1 1215251 0 -1
ciMethod java/util/ArrayList <init> (Ljava/util/Collection;)V 2137 1 5391 0 -1
ciMethod java/util/ArrayList calculateCapacity ([Ljava/lang/Object;I)I 1825 1 1367340 0 64
ciMethod java/util/ArrayList ensureCapacityInternal (I)V 1825 1 1365504 0 544
ciMethod java/util/ArrayList ensureExplicitCapacity (I)V 1825 1 1309195 0 512
ciMethod java/util/ArrayList grow (I)V 489 1 5188 0 512
ciMethod java/util/ArrayList hugeCapacity (I)I 0 0 1 0 -1
ciMethod java/util/ArrayList size ()I 1081 1 135 0 0
ciMethod java/util/ArrayList isEmpty ()Z 2049 1 118234 0 -1
ciMethod java/util/ArrayList elementData (I)Ljava/lang/Object; 2361 1 579278 0 0
ciMethod java/util/ArrayList get (I)Ljava/lang/Object; 2041 1 551716 0 128
ciMethod java/util/ArrayList add (Ljava/lang/Object;)Z 1809 1 1349003 0 736
ciMethod java/util/ArrayList clear ()V 2073 3281 11602 0 128
ciMethod java/util/ArrayList addAll (Ljava/util/Collection;)Z 25 1 11926 0 -1
ciMethod java/util/ArrayList rangeCheck (I)V 2361 1 527386 0 64
ciMethod java/util/ArrayList iterator ()Ljava/util/Iterator; 2057 1 136737 0 -1
ciMethod java/util/ArrayList forEach (Ljava/util/function/Consumer;)V 2049 81 14132 0 352
ciMethod java/util/ArrayList sort (Ljava/util/Comparator;)V 2049 1 10533 0 -1
ciMethod java/util/Set size ()I 0 0 1 0 -1
ciMethod java/util/Set isEmpty ()Z 0 0 1 0 -1
ciMethod java/util/Set contains (Ljava/lang/Object;)Z 0 0 1 0 -1
ciMethod java/util/Set iterator ()Ljava/util/Iterator; 0 0 1 0 -1
ciMethod java/util/Set add (Ljava/lang/Object;)Z 0 0 1 0 -1
ciMethod java/util/Set remove (Ljava/lang/Object;)Z 0 0 1 0 -1
ciMethod java/util/Set addAll (Ljava/util/Collection;)Z 0 0 1 0 -1
ciMethod java/util/HashMap hash (Ljava/lang/Object;)I 2145 1 616147 0 160
ciMethod java/util/HashMap comparableClassFor (Ljava/lang/Object;)Ljava/lang/Class; 2249 1 3431 0 -1
ciMethod java/util/HashMap compareComparables (Ljava/lang/Class;Ljava/lang/Object;Ljava/lang/Object;)I 0 0 1 0 -1
ciMethod java/util/HashMap put (Ljava/lang/Object;Ljava/lang/Object;)Ljava/lang/Object; 35121 1 199403 0 1536
ciMethod java/util/HashMap putVal (ILjava/lang/Object;Ljava/lang/Object;ZZ)Ljava/lang/Object; 921 9 26119 0 1504
ciMethod java/util/HashMap resize ()[Ljava/util/HashMap$Node; 665 417 4204 0 -1
ciMethod java/util/HashMap treeifyBin ([Ljava/util/HashMap$Node;I)V 1 1 78 0 0
ciMethod java/util/HashMap removeNode (ILjava/lang/Object;Ljava/lang/Object;ZZ)Ljava/util/HashMap$Node; 1 1 30726 0 -1
ciMethod java/util/HashMap putIfAbsent (Ljava/lang/Object;Ljava/lang/Object;)Ljava/lang/Object; 513889 1 55786 0 -1
ciMethod java/util/HashMap newNode (ILjava/lang/Object;Ljava/lang/Object;Ljava/util/HashMap$Node;)Ljava/util/HashMap$Node; 2161 1 5390 0 224
ciMethod java/util/HashMap newTreeNode (ILjava/lang/Object;Ljava/lang/Object;Ljava/util/HashMap$Node;)Ljava/util/HashMap$TreeNode; 2449 1 136 0 -1
ciMethod java/util/HashMap replacementTreeNode (Ljava/util/HashMap$Node;Ljava/util/HashMap$Node;)Ljava/util/HashMap$TreeNode; 3305 1 211 0 -1
ciMethod java/util/HashMap afterNodeAccess (Ljava/util/HashMap$Node;)V 2089 1 1315 0 0
ciMethod java/util/HashMap afterNodeInsertion (Z)V 2161 1 1305 0 0
ciMethod java/util/Map$Entry getValue ()Ljava/lang/Object; 0 0 1 0 -1
ciMethod java/util/HashMap$Node <init> (ILjava/lang/Object;Ljava/lang/Object;Ljava/util/HashMap$Node;)V 2217 1 12794 0 96
ciMethod java/lang/Math max (II)I 1049 1 821357 0 -1
ciMethod java/lang/Math min (II)I 3569 1 744019 0 -1
ciMethod java/util/Arrays copyOf ([Ljava/lang/Object;I)[Ljava/lang/Object; 2049 1 82075 0 384
ciMethod java/util/Arrays copyOf ([Ljava/lang/Object;ILjava/lang/Class;)[Ljava/lang/Object; 3073 1 6530 0 -1
ciMethodData java/lang/Object <init> ()V 2 25352277 orig 264 88 29 30 98 0 0 0 0 128 4 37 23 0 0 0 0 32 1 0 0 0 0 0 0 0 0 0 0 0 0 0 0 0 0 0 0 0 0 0 0 0 0 0 0 0 0 0 0 0 0 0 0 0 0 0 0 0 0 0 0 0 0 0 0 0 0 0 0 0 0 0 0 0 0 0 0 0 0 0 0 77 68 79 32 101 120 116 114 97 32 100 97 116 97 32 108 111 99 107 0 0 0 0 0 0 0 0 0 0 0 0 0 0 0 0 0 0 0 0 0 0 0 0 0 0 0 0 0 0 0 0 0 0 0 0 0 0 0 0 0 0 0 0 0 0 0 0 0 0 0 0 0 0 0 0 0 0 0 0 0 0 0 0 0 0 0 0 0 0 0 0 0 0 0 0 0 0 0 0 0 0 0 0 0 1 0 0 0 0 0 0 0 1 0 0 0 0 0 0 0 1 0 0 0 0 0 0 0 0 0 0 0 0 0 0 0 0 2 0 0 169 178 22 12 1 0 0 0 0 0 0 0 0 0 0 0 2 0 0 0 0 0 3 0 1 0 0 0 0 0 0 0 255 255 255 255 0 0 0 0 0 0 0 0 data 0 oops 0
ciMethod java/util/Objects requireNonNull (Ljava/lang/Object;)Ljava/lang/Object; 2153 1 1708851 0 64
ciMethod java/util/Iterator hasNext ()Z 0 0 1 0 -1
ciMethod java/util/Iterator next ()Ljava/lang/Object; 0 0 1 0 -1
ciMethod java/util/Iterator remove ()V 0 0 1 0 -1
ciMethod java/util/LinkedHashMap linkNodeLast (Ljava/util/LinkedHashMap$Entry;)V 2057 1 5410 0 0
ciMethod java/util/LinkedHashMap newNode (ILjava/lang/Object;Ljava/lang/Object;Ljava/util/HashMap$Node;)Ljava/util/HashMap$Node; 2057 1 5386 0 288
ciMethod java/util/LinkedHashMap afterNodeInsertion (Z)V 3097 1 37540 0 320
ciMethod java/util/LinkedHashMap afterNodeAccess (Ljava/util/HashMap$Node;)V 745 1 5282 0 288
ciMethod java/util/LinkedHashMap removeEldestEntry (Ljava/util/Map$Entry;)Z 1065 1 133 0 0
ciMethod java/lang/Enum ordinal ()I 1025 1 128 0 -1
ciMethod java/util/LinkedHashMap$Entry <init> (ILjava/lang/Object;Ljava/lang/Object;Ljava/util/HashMap$Node;)V 2057 1 5861 0 0
ciMethod java/util/HashMap$TreeNode root ()Ljava/util/HashMap$TreeNode; 1 1 1 0 -1
ciMethod java/util/HashMap$TreeNode moveRootToFront ([Ljava/util/HashMap$Node;Ljava/util/HashMap$TreeNode;)V 3065 1 193 0 -1
ciMethod java/util/HashMap$TreeNode find (ILjava/lang/Object;Ljava/lang/Class;)Ljava/util/HashMap$TreeNode; 2073 1265 2732 0 -1
ciMethod java/util/HashMap$TreeNode tieBreakOrder (Ljava/lang/Object;Ljava/lang/Object;)I 2225 1 1238 0 -1
ciMethod java/util/HashMap$TreeNode treeify ([Ljava/util/HashMap$Node;)V 473 10305 39 0 -1
ciMethod java/util/HashMap$TreeNode putTreeVal (Ljava/util/HashMap;[Ljava/util/HashMap$Node;ILjava/lang/Object;Ljava/lang/Object;)Ljava/util/HashMap$TreeNode; 25 1 251 0 0
ciMethod java/util/HashMap$TreeNode split (Ljava/util/HashMap;[Ljava/util/HashMap$Node;II)V 9 73 24 0 -1
ciMethod java/util/HashMap$TreeNode balanceInsertion (Ljava/util/HashMap$TreeNode;Ljava/util/HashMap$TreeNode;)Ljava/util/HashMap$TreeNode; 6369 5737 479 0 -1
ciMethod java/util/Deque addLast (Ljava/lang/Object;)V 0 0 1 0 -1
ciMethod java/util/Deque removeLast ()Ljava/lang/Object; 0 0 1 0 -1
ciMethod java/util/Deque remove (Ljava/lang/Object;)Z 0 0 1 0 -1
ciMethod java/util/Deque size ()I 0 0 1 0 -1
ciMethod java/util/Deque isEmpty ()Z 0 0 1 0 -1
ciMethod java/util/ArrayDeque <init> ()V 2049 1 43943 0 -1
ciMethod java/util/ArrayDeque <init> (I)V 1209 1 30317 0 -1
ciMethod java/util/ArrayDeque <init> (Ljava/util/Collection;)V 58905 1 13548 0 -1
ciMethod java/util/ArrayDeque addLast (Ljava/lang/Object;)V 3073 1 22020 0 -1
ciMethod java/util/ArrayDeque removeLast ()Ljava/lang/Object; 4097 1 46652 0 -1
ciMethod java/util/ArrayDeque add (Ljava/lang/Object;)Z 3073 1 84446 0 -1
ciMethod java/util/ArrayDeque poll ()Ljava/lang/Object; 2049 1 18818 0 -1
ciMethod java/util/ArrayDeque isEmpty ()Z 2089 1 202413 0 -1
ciMethod java/util/ArrayDeque contains (Ljava/lang/Object;)Z 2137 273 14815 0 -1
ciMethod java/util/ListIterator hasNext ()Z 0 0 1 0 -1
ciMethod java/util/ListIterator next ()Ljava/lang/Object; 0 0 1 0 -1
ciMethod java/util/ListIterator previous ()Ljava/lang/Object; 0 0 1 0 -1
ciMethod java/util/ListIterator remove ()V 0 0 1 0 -1
ciMethod java/util/ListIterator add (Ljava/lang/Object;)V 0 0 1 0 -1
ciMethod java/util/HashSet <init> (I)V 2065 1 38620 0 -1
ciMethod java/util/HashSet contains (Ljava/lang/Object;)Z 3465 1 211361 0 -1
ciMethod java/util/HashSet add (Ljava/lang/Object;)Z 2057 1 268776 0 160
ciMethod java/util/HashSet remove (Ljava/lang/Object;)Z 3369 1 46533 0 -1
ciMethodData java/util/HashMap hash (Ljava/lang/Object;)I 2 616147 orig 264 88 29 30 98 0 0 0 0 240 165 51 23 0 0 0 0 176 1 0 0 0 0 0 0 0 0 0 0 0 0 0 0 0 0 0 0 0 0 0 0 0 0 0 0 0 0 0 0 0 0 0 0 0 0 0 0 0 0 0 0 0 0 0 0 0 0 0 0 0 0 0 0 0 0 0 0 0 0 0 0 77 68 79 32 101 120 116 114 97 32 100 97 116 97 32 108 111 99 107 0 0 0 0 0 0 0 0 0 0 0 0 0 0 0 0 0 0 0 0 0 0 0 0 0 0 0 0 0 0 0 0 0 0 0 0 0 0 0 0 0 0 0 0 0 0 0 0 0 0 0 0 0 0 0 0 0 0 0 0 0 0 0 0 0 0 0 0 0 0 0 0 0 0 0 0 0 0 0 0 2 0 0 0 0 17 0 0 0 0 0 0 0 0 0 0 0 0 0 0 0 0 0 0 0 0 0 0 0 0 0 0 0 0 0 0 0 12 1 0 0 57 46 75 0 1 0 0 0 32 251 7 0 0 0 0 0 2 0 0 0 0 0 6 0 2 0 0 0 104 0 0 0 255 255 255 255 7 224 1 0 0 0 0 0 data 13 0x1e007 0x9651d 0x38 0xb2 0x50003 0xb2 0x48 0x90005 0x4141b 0x193777d0 0x55e 0x29af210 0x44342 oops 2 9 java/security/CodeSource 11 java/lang/String
ciMethodData java/util/Objects requireNonNull (Ljava/lang/Object;)Ljava/lang/Object; 2 1708912 orig 264 88 29 30 98 0 0 0 0 224 137 57 23 0 0 0 0 80 1 0 0 0 0 0 0 0 0 0 0 0 0 0 0 0 0 0 0 0 0 0 0 0 0 0 0 0 0 0 0 0 0 0 0 0 0 0 0 0 0 0 0 0 0 0 0 0 0 0 0 0 0 0 0 0 0 0 0 0 0 0 0 77 68 79 32 101 120 116 114 97 32 100 97 116 97 32 108 111 99 107 0 0 0 0 0 0 0 0 0 0 0 0 0 0 0 0 0 0 0 0 0 0 0 0 0 0 0 0 0 0 0 0 0 0 0 0 0 0 0 0 0 0 0 0 0 0 0 0 0 0 0 0 0 0 0 0 0 0 0 0 0 0 0 0 0 0 0 0 0 0 0 0 0 0 0 0 0 0 0 0 0 0 0 0 0 27 0 0 0 0 0 0 0 0 0 0 0 0 0 0 0 1 0 0 0 0 0 0 0 1 0 0 0 0 0 0 0 13 1 0 0 25 147 208 0 1 0 0 0 0 0 0 0 0 0 0 0 2 0 0 0 0 0 5 0 2 0 0 0 48 0 0 0 255 255 255 255 7 0 1 0 0 0 0 0 data 6 0x10007 0x1a1230 0x30 0x0 0x80002 0x0 oops 0
ciMethod java/lang/invoke/MethodHandle invokeBasic ()Ljava/lang/Object; 0 0 1 0 -1
ciMethodData java/lang/Object equals (Ljava/lang/Object;)Z 2 322482 orig 264 88 29 30 98 0 0 0 0 232 6 37 23 0 0 0 0 136 1 0 0 0 0 0 0 0 0 0 0 0 0 0 0 0 0 0 0 0 0 0 0 0 0 0 0 0 0 0 0 0 0 0 0 0 0 0 0 0 0 0 0 0 0 0 0 0 0 0 0 0 0 0 0 0 0 0 0 0 0 0 0 77 68 79 32 101 120 116 114 97 32 100 97 116 97 32 108 111 99 107 0 0 0 0 0 0 0 0 0 0 0 0 0 0 0 0 0 0 0 0 0 0 0 0 0 0 0 0 0 0 0 0 0 0 0 0 0 0 0 0 0 0 0 0 0 0 0 0 0 0 0 0 0 0 0 0 0 0 0 0 0 0 0 0 0 0 0 0 0 0 0 0 0 0 0 0 0 0 0 0 0 0 0 0 0 1 0 0 0 0 0 0 0 0 0 0 0 0 0 0 0 3 0 0 0 0 0 0 0 0 0 0 0 0 0 0 0 16 1 0 0 17 85 39 0 1 0 0 0 0 0 0 0 0 0 0 0 2 0 0 0 0 0 6 0 2 0 0 0 56 0 0 0 255 255 255 255 7 0 2 0 0 0 0 0 data 7 0x20007 0x31bf4 0x38 0x1ced7 0x60003 0x1cee4 0x18 oops 0
ciMethodData java/util/ArrayList add (Ljava/lang/Object;)Z 2 1349217 orig 264 88 29 30 98 0 0 0 0 56 34 50 23 0 0 0 0 144 1 0 0 0 0 0 0 0 0 0 0 0 0 0 0 0 0 0 0 0 0 0 0 0 0 0 0 0 0 0 0 0 0 0 0 0 0 0 0 0 0 0 0 0 0 0 0 0 0 0 0 0 0 0 0 0 0 0 0 0 0 0 0 77 68 79 32 101 120 116 114 97 32 100 97 116 97 32 108 111 99 107 0 0 0 0 0 0 0 0 0 0 0 0 0 0 0 0 0 0 0 0 0 0 0 0 0 0 0 0 0 0 0 0 0 0 0 0 0 0 0 0 0 0 0 0 0 0 0 0 0 0 0 0 0 0 0 0 0 0 0 0 0 0 0 0 0 0 0 0 0 0 0 0 0 0 0 0 0 0 0 0 0 0 0 0 0 17 0 0 0 0 0 0 0 0 0 0 0 0 0 0 0 1 0 0 0 0 0 0 0 0 0 0 0 0 0 0 0 226 0 0 0 249 171 164 0 1 0 0 0 0 0 0 0 0 0 0 0 2 0 0 0 0 0 15 0 2 0 0 0 64 0 0 0 255 255 255 255 2 0 7 0 0 0 0 0 data 8 0x70002 0x14957f 0x1a0104 0x0 0x266a2bc0 0x42 0x193773e0 0x3a5 oops 2 4 java/io/FilePermission 6 java/io/File
ciMethodData java/util/ArrayList ensureCapacityInternal (I)V 2 1365508 orig 264 88 29 30 98 0 0 0 0 176 23 50 23 0 0 0 0 112 1 0 0 0 0 0 0 0 0 0 0 0 0 0 0 0 0 0 0 0 0 0 0 0 0 0 0 0 0 0 0 0 0 0 0 0 0 0 0 0 0 0 0 0 0 0 0 0 0 0 0 0 0 0 0 0 0 0 0 0 0 0 0 77 68 79 32 101 120 116 114 97 32 100 97 116 97 32 108 111 99 107 0 0 0 0 0 0 0 0 0 0 0 0 0 0 0 0 0 0 0 0 0 0 0 0 0 0 0 0 0 0 0 0 0 0 0 0 0 0 0 0 0 0 0 0 0 0 0 0 0 0 0 0 0 0 0 0 0 0 0 0 0 0 0 0 0 0 0 0 0 0 0 0 0 0 0 0 0 0 0 0 0 0 0 0 0 17 0 0 0 0 0 0 0 0 0 0 0 0 0 0 0 1 0 0 0 0 0 0 0 0 0 0 0 0 0 0 0 228 0 0 0 1 169 166 0 1 0 0 0 0 0 0 0 0 0 0 0 2 0 0 0 0 0 14 0 2 0 0 0 32 0 0 0 255 255 255 255 2 0 6 0 0 0 0 0 data 4 0x60002 0x14d521 0x90002 0x14d529 oops 0
ciMethodData java/util/ArrayList calculateCapacity ([Ljava/lang/Object;I)I 2 1367340 orig 264 88 29 30 98 0 0 0 0 16 23 50 23 0 0 0 0 128 1 0 0 0 0 0 0 0 0 0 0 0 0 0 0 0 0 0 0 0 0 0 0 0 0 0 0 0 0 0 0 0 0 0 0 0 0 0 0 0 0 0 0 0 0 0 0 0 0 0 0 0 0 0 0 0 0 0 0 0 0 0 0 77 68 79 32 101 120 116 114 97 32 100 97 116 97 32 108 111 99 107 0 0 0 0 0 0 0 0 0 0 0 0 0 0 0 0 0 0 0 0 0 0 0 0 0 0 0 0 0 0 0 0 0 0 0 0 0 0 0 0 0 0 0 0 0 0 0 0 0 0 0 0 0 0 0 0 0 0 0 0 0 0 0 0 0 0 0 0 0 0 0 0 0 0 0 0 0 0 0 0 0 0 0 0 0 17 0 0 0 0 0 0 0 0 0 0 0 0 0 0 0 1 0 0 0 0 0 0 0 0 0 0 0 0 0 0 0 228 0 0 0 65 226 166 0 1 0 0 0 0 0 0 0 0 0 0 0 2 0 0 0 0 0 9 0 2 0 0 0 48 0 0 0 255 255 255 255 7 0 4 0 0 0 0 0 data 6 0x40007 0x1219ff 0x30 0x2c249 0xa0002 0x2c24a oops 0
ciMethodData java/util/ArrayList ensureExplicitCapacity (I)V 2 1309195 orig 264 88 29 30 98 0 0 0 0 96 24 50 23 0 0 0 0 88 1 0 0 0 0 0 0 0 0 0 0 0 0 0 0 0 0 0 0 0 0 0 0 0 0 0 0 0 0 0 0 0 0 0 0 0 0 0 0 0 0 0 0 0 0 0 0 0 0 0 0 0 0 0 0 0 0 0 0 0 0 0 0 77 68 79 32 101 120 116 114 97 32 100 97 116 97 32 108 111 99 107 0 0 0 0 0 0 0 0 0 0 0 0 0 0 0 0 0 0 0 0 0 0 0 0 0 0 0 0 0 0 0 0 0 0 0 0 0 0 0 0 0 0 0 0 0 0 0 0 0 0 0 0 0 0 0 0 0 0 0 0 0 0 0 0 0 0 0 0 0 0 0 0 0 0 0 0 0 0 0 0 0 0 0 0 0 17 0 0 0 0 0 0 0 0 0 0 0 0 0 0 0 1 0 0 0 0 0 0 0 0 0 0 0 0 0 0 0 228 0 0 0 57 201 159 0 1 0 0 0 0 0 0 0 0 0 0 0 2 0 0 0 0 0 6 0 2 0 0 0 48 0 0 0 255 255 255 255 7 0 17 0 0 0 0 0 data 6 0x110007 0x111500 0x30 0x2e425 0x160002 0x2e425 oops 0
ciMethodData java/util/ArrayList grow (I)V 2 5188 orig 264 88 29 30 98 0 0 0 0 40 25 50 23 0 0 0 0 176 1 0 0 64 0 0 0 0 0 0 0 0 0 0 0 0 0 0 0 0 0 0 0 0 0 0 0 0 0 0 0 0 0 0 0 0 0 0 0 0 0 0 0 0 0 0 0 0 0 0 0 0 0 0 0 0 0 0 0 0 0 0 0 77 68 79 32 101 120 116 114 97 32 100 97 116 97 32 108 111 99 107 0 0 0 0 0 0 0 0 0 0 0 0 0 0 0 0 0 0 0 0 0 0 0 0 0 0 0 0 0 0 0 0 0 0 0 0 0 0 0 0 0 0 0 0 0 0 0 0 0 0 0 0 0 0 0 0 0 0 0 0 0 0 0 0 0 0 0 0 0 0 0 0 0 0 0 0 0 0 0 0 0 0 0 0 0 17 0 0 0 0 0 0 0 0 0 0 0 0 0 0 0 1 0 0 0 0 0 0 0 0 0 0 0 0 0 0 0 61 0 0 0 57 160 0 0 1 0 0 0 0 0 0 0 0 0 0 0 2 0 0 0 0 0 15 0 2 0 0 0 96 0 0 0 255 255 255 255 7 0 15 0 0 0 0 0 data 12 0xf0007 0x211 0x20 0x11f6 0x180007 0x1407 0x30 0x0 0x1c0002 0x0 0x260002 0x1407 oops 0
ciMethodData java/util/HashMap put (Ljava/lang/Object;Ljava/lang/Object;)Ljava/lang/Object; 2 199403 orig 264 88 29 30 98 0 0 0 0 224 176 51 23 0 0 0 0 152 1 0 0 0 0 0 0 0 0 0 0 0 0 0 0 0 0 0 0 0 0 0 0 0 0 0 0 0 0 0 0 0 0 0 0 0 0 0 0 0 0 0 0 0 0 0 0 0 0 0 0 0 0 0 0 0 0 0 0 0 0 0 0 77 68 79 32 101 120 116 114 97 32 100 97 116 97 32 108 111 99 107 0 0 0 0 0 0 0 0 0 0 0 0 0 0 0 0 0 0 0 0 0 0 0 0 0 0 0 0 0 0 0 0 0 0 0 0 0 0 0 0 0 0 0 0 0 3 0 0 0 0 0 0 0 0 0 0 0 0 0 0 0 0 0 0 0 0 0 0 0 0 0 0 0 0 0 0 0 0 0 0 0 0 0 0 0 17 0 0 0 0 0 0 0 0 0 0 0 0 0 0 0 0 0 0 0 0 0 0 0 0 0 0 0 0 0 0 0 108 0 0 0 41 206 23 0 1 0 0 0 200 75 1 0 0 0 0 0 2 0 0 0 0 0 6 0 2 0 0 0 64 0 0 0 255 255 255 255 2 0 2 0 0 0 0 0 data 8 0x20002 0x2f9b6 0x90005 0x277d 0x23304460 0x1d20d 0x23303990 0x1003e oops 2 4 java/util/LinkedHashMap 6 java/util/HashMap
ciMethodData java/util/HashMap putVal (ILjava/lang/Object;Ljava/lang/Object;ZZ)Ljava/lang/Object; 2 26119 orig 264 88 29 30 98 0 0 0 0 192 178 51 23 0 0 0 0 176 6 0 0 0 2 0 0 0 0 0 0 0 0 0 0 0 0 0 0 0 0 0 0 0 0 0 0 0 0 0 0 0 0 0 0 0 0 0 0 0 0 0 0 0 0 0 0 0 0 0 0 0 0 0 0 0 0 0 0 0 0 0 0 77 68 79 32 101 120 116 114 97 32 100 97 116 97 32 108 111 99 107 0 0 0 0 0 0 0 0 0 0 0 0 0 0 0 0 0 0 0 0 0 0 0 0 0 0 0 0 0 0 0 0 0 0 0 0 0 0 0 0 0 0 0 0 0 2 0 0 0 3 0 0 0 0 0 0 0 0 0 0 0 0 0 0 0 0 0 0 4 0 0 0 0 0 0 0 0 0 8 0 4 0 0 0 0 0 0 0 0 0 0 0 0 0 0 0 0 0 0 0 0 0 0 0 0 0 0 0 0 0 0 0 0 0 0 0 0 115 0 0 0 161 44 3 0 161 83 0 0 148 101 0 0 116 10 0 0 2 0 0 0 1 0 50 0 2 0 0 0 64 5 0 0 255 255 255 255 7 0 7 0 0 0 0 0 data 168 0x70007 0x133c 0x40 0x5258 0x100007 0x5258 0x50 0x0 0x140005 0x2d 0x23304460 0x1176 0x23303990 0x199 0x2c0007 0x2e2d 0x98 0x3767 0x380005 0x223a 0x1ce55bb0 0x1c 0x23303990 0x1515 0x3b0004 0x0 0x1ce55c60 0x223b 0x2fd78710 0x1530 0x3c0003 0x376b 0x3d0 0x450007 0x1466 0xc8 0x19c7 0x510007 0x161 0x90 0x1866 0x550007 0x2 0x88 0x1864 0x5b0005 0x17cc 0x193773e0 0x79 0x1ce55d10 0x1f 0x5e0007 0x701 0x38 0x1163 0x650003 0x12c4 0x278 0x6a0004 0xffffffffffffe49f 0x2fd78710 0x14 0x1ce55c60 0x36 0x6de007 0x1b61 0x98 0xb 0x720004 0x0 0x2fd79870 0xb 0x0 0x0 0x7b0005 0x4 0x2fd79870 0x7 0x0 0x0 0x800003 0xb 0x1b0 0x8e0007 0x1072 0xb8 0x1563 0x980005 0x1f 0x23303990 0x950 0x23304460 0xbf6 0xa2e007 0x1562 0x148 0x4 0xa90005 0x1 0x23304460 0x3 0x0 0x0 0xac0003 0x4 0xf8 0xb50007 0x6f8 0xc8 0x97a 0xc10007 0x85 0xc0 0x8f5 0xc50007 0x0 0x88 0x8f5 0xcb7005 0x89c 0x193773e0 0x30 0x29af210 0x2a 0xce0007 0x37c 0x38 0x57a 0xd10003 0x57a 0x30 0xdb0003 0xa74 0xfffffffffffffe80 0xe00007 0x1567 0x90 0x18cd 0xec0007 0x3db 0x40 0x14f2 0xf10007 0x14f2 0x20 0x0 0xfdf005 0x58 0x23304460 0x16ec 0x23303990 0x18d 0x11c0007 0x4a67 0x50 0x26b 0x1200005 0xf 0x23303990 0x12f 0x23304460 0x12d 0x1270005 0x2e42 0x1ce55bb0 0x2a 0x23303990 0x1e67 oops 23 10 java/util/LinkedHashMap 12 java/util/HashMap 20 java/io/ExpiringCache$1 22 java/util/HashMap 26 java/util/LinkedHashMap$Entry 28 java/util/HashMap$Node 47 java/io/File 49 sun/misc/ProxyGenerator$ConstantPool$IndirectEntry 60 java/util/HashMap$Node 62 java/util/LinkedHashMap$Entry 70 java/util/HashMap$TreeNode 76 java/util/HashMap$TreeNode 89 java/util/HashMap 91 java/util/LinkedHashMap 99 java/util/LinkedHashMap 120 java/io/File 122 java/lang/String 148 java/util/LinkedHashMap 150 java/util/HashMap 158 java/util/HashMap 160 java/util/LinkedHashMap 164 java/io/ExpiringCache$1 166 java/util/HashMap
ciMethodData java/util/ArrayList get (I)Ljava/lang/Object; 2 551716 orig 264 88 29 30 98 0 0 0 0 224 32 50 23 0 0 0 0 144 1 0 0 0 0 0 0 0 0 0 0 0 0 0 0 0 0 0 0 0 0 0 0 0 0 0 0 0 0 0 0 0 0 0 0 0 0 0 0 0 0 0 0 0 0 0 0 0 0 0 0 0 0 0 0 0 0 0 0 0 0 0 0 77 68 79 32 101 120 116 114 97 32 100 97 116 97 32 108 111 99 107 0 0 0 0 0 0 0 0 0 0 0 0 0 0 0 0 0 0 0 0 0 0 0 0 0 0 0 0 0 0 0 0 0 0 0 0 0 0 0 0 0 0 0 0 0 0 0 0 0 0 0 0 0 0 0 0 0 0 0 0 0 0 0 0 0 0 0 0 0 0 0 0 0 0 0 0 0 0 0 0 0 0 0 0 0 0 0 0 0 0 0 0 0 0 0 0 0 0 0 0 0 0 0 0 0 0 0 0 0 0 0 0 0 0 0 0 0 255 0 0 0 41 81 67 0 1 0 0 0 0 0 0 0 0 0 0 0 2 0 0 0 0 0 6 0 2 0 0 0 64 0 0 0 255 255 255 255 2 0 2 0 0 0 0 0 data 8 0x20002 0x86a25 0x70005 0x31b90 0x23d0be60 0x1faaf 0x34517c30 0x353e6 oops 2 4 java/util/ArrayList 6 com/intellij/util/containers/Stack
ciMethodData java/util/ArrayList rangeCheck (I)V 2 527386 orig 264 88 29 30 98 0 0 0 0 192 41 50 23 0 0 0 0 104 1 0 0 0 0 0 0 0 0 0 0 0 0 0 0 0 0 0 0 0 0 0 0 0 0 0 0 0 0 0 0 0 0 0 0 0 0 0 0 0 0 0 0 0 0 0 0 0 0 0 0 0 0 0 0 0 0 0 0 0 0 0 0 77 68 79 32 101 120 116 114 97 32 100 97 116 97 32 108 111 99 107 0 0 0 0 0 0 0 0 0 0 0 0 0 0 0 0 0 0 0 0 0 0 0 0 0 0 0 0 0 0 0 0 0 0 0 0 0 0 0 0 0 0 0 0 0 0 0 0 0 0 0 0 0 0 0 0 0 0 0 0 0 0 0 0 0 0 0 0 0 0 0 0 0 0 0 0 0 0 0 0 0 0 0 0 0 25 0 0 0 0 0 0 0 0 0 0 0 0 0 0 0 1 0 0 0 0 0 0 0 0 0 0 0 0 0 0 0 39 1 0 0 153 87 64 0 1 0 0 0 0 0 0 0 0 0 0 0 2 0 0 0 0 0 5 0 2 0 0 0 64 0 0 0 255 255 255 255 7 0 5 0 0 0 0 0 data 8 0x50007 0x80af6 0x40 0x0 0xe0002 0x0 0x110002 0x0 oops 0
ciMethodData java/util/ArrayList elementData (I)Ljava/lang/Object; 2 579278 orig 264 88 29 30 98 0 0 0 0 64 32 50 23 0 0 0 0 40 1 0 0 0 0 0 0 0 0 0 0 0 0 0 0 0 0 0 0 0 0 0 0 0 0 0 0 0 0 0 0 0 0 0 0 0 0 0 0 0 0 0 0 0 0 0 0 0 0 0 0 0 0 0 0 0 0 0 0 0 0 0 0 77 68 79 32 101 120 116 114 97 32 100 97 116 97 32 108 111 99 107 0 0 0 0 0 0 0 0 0 0 0 0 0 0 0 0 0 0 0 0 0 0 0 0 0 0 0 0 0 0 0 0 0 0 0 0 0 0 0 0 0 0 0 0 0 0 0 0 0 0 0 0 0 0 0 0 0 0 0 0 0 0 0 0 0 0 0 0 0 0 0 0 0 0 0 0 0 0 0 0 0 0 0 0 0 1 0 0 0 0 0 0 0 0 0 0 0 0 0 0 0 1 0 0 0 0 0 0 0 0 0 0 0 0 0 0 0 39 1 0 0 57 173 70 0 1 0 0 0 0 0 0 0 0 0 0 0 2 0 0 0 0 0 3 0 1 0 0 0 0 0 0 0 255 255 255 255 0 0 0 0 0 0 0 0 data 0 oops 0
ciMethodData java/util/AbstractCollection <init> ()V 2 4083764 orig 264 88 29 30 98 0 0 0 0 184 144 49 23 0 0 0 0 48 1 0 0 0 0 0 0 0 0 0 0 0 0 0 0 0 0 0 0 0 0 0 0 0 0 0 0 0 0 0 0 0 0 0 0 0 0 0 0 0 0 0 0 0 0 0 0 0 0 0 0 0 0 0 0 0 0 0 0 0 0 0 0 77 68 79 32 101 120 116 114 97 32 100 97 116 97 32 108 111 99 107 0 0 0 0 0 0 0 0 0 0 0 0 0 0 0 0 0 0 0 0 0 0 0 0 0 0 0 0 0 0 0 0 0 0 0 0 0 0 0 0 0 0 0 0 0 0 0 0 0 0 0 0 0 0 0 0 0 0 0 0 0 0 0 0 0 0 0 0 0 0 0 0 0 0 0 0 0 0 0 0 0 0 0 0 0 1 0 0 0 0 0 0 0 0 0 0 0 0 0 0 0 1 0 0 0 0 0 0 0 0 0 0 0 0 0 0 0 29 1 0 0 177 120 242 1 1 0 0 0 0 0 0 0 0 0 0 0 2 0 0 0 0 0 3 0 2 0 0 0 16 0 0 0 255 255 255 255 2 0 1 0 0 0 0 0 data 2 0x10002 0x3e5070 oops 0
ciMethod java/util/LinkedHashSet <init> ()V 2137 1 333324 0 -1
ciMethodData java/util/HashMap resize ()[Ljava/util/HashMap$Node; 2 32592 orig 264 88 29 30 98 0 0 0 0 240 180 51 23 0 0 0 0 56 6 0 0 216 2 0 0 0 0 0 0 0 0 0 0 0 0 0 0 0 0 0 0 0 0 0 0 0 0 0 0 0 0 0 0 0 0 0 0 0 0 0 0 0 0 0 0 0 0 0 0 0 0 0 0 0 0 0 0 0 0 0 0 77 68 79 32 101 120 116 114 97 32 100 97 116 97 32 108 111 99 107 0 0 0 0 0 0 0 0 0 0 0 0 0 0 0 0 0 0 0 0 0 0 0 0 0 0 0 0 0 0 0 0 0 0 0 0 0 0 0 0 0 0 0 0 0 1 0 0 0 0 0 0 0 0 0 0 0 0 0 0 0 0 0 0 0 0 0 0 0 0 0 0 0 0 0 0 0 0 0 0 1 0 0 0 0 0 0 0 0 0 0 0 0 0 0 0 0 0 0 0 0 0 0 0 0 0 0 0 0 0 0 0 0 0 0 0 0 83 0 0 0 201 128 0 0 225 248 3 0 37 6 0 0 163 72 0 0 2 0 0 0 2 0 56 0 2 0 0 0 240 4 0 0 255 255 255 255 7 0 6 0 0 0 0 0 data 158 0x60007 0x341 0x38 0xcd8 0xa0003 0xcd8 0x18 0x190007 0xcd8 0x98 0x341 0x1f0007 0x341 0x20 0x0 0x320007 0x0 0x90 0x341 0x380007 0xca 0x70 0x277 0x400003 0x277 0x50 0x440007 0x50b 0x38 0x7cd 0x4a0003 0x7cd 0x18 0x570007 0x782 0x78 0x897 0x680007 0x0 0x58 0x897 0x700007 0x0 0x38 0x897 0x760003 0x897 0x18 0x880004 0x0 0x2fd787c0 0xe9 0x0 0x0 0x940007 0xcd8 0x340 0x341 0x9d0007 0x342 0x320 0x58be 0xa70007 0x298b 0x2e8 0x2f33 0xae0104 0x0 0x0 0x0 0x0 0x0 0xb40007 0x10c0 0x68 0x1e73 0xc50004 0x0 0x2fd78710 0x1100 0x1ce55c60 0xd73 0xc60003 0x1e73 0x248 0xcb0004 0xffffffffffffef42 0x2fd78710 0x11 0x1ce55c60 0x2f 0xcee007 0x10be 0x98 0x3 0xd30004 0x0 0x2fd79870 0x3 0x0 0x0 0xdc0005 0x1 0x2fd79870 0x2 0x0 0x0 0xdf0003 0x3 0x180 0xfc0007 0x11ee 0x70 0x14af 0x1010007 0x780 0x38 0xd2f 0x1080003 0xd2f 0x18 0x1160003 0x14af 0x50 0x11b0007 0x639 0x38 0xbb5 0x1220003 0xbb5 0x18 0x1350007 0x15df 0xffffffffffffff58 0x10be 0x13a0007 0x38f 0x50 0xd2f 0x1490004 0x0 0x2fd78710 0x6b1 0x1ce55c60 0x67e 0x14c0007 0x509 0x50 0xbb5 0x15d0004 0x0 0x2fd78710 0x542 0x1ce55c60 0x673 0x1610003 0x58bf 0xfffffffffffffcf8 oops 11